c:\users\이준수\source\repos\opengl\opengl\debug\vc143.pdb
c:\users\이준수\source\repos\opengl\opengl\debug\vc143.idb
c:\users\이준수\source\repos\opengl\opengl\debug\소스.obj
c:\users\이준수\source\repos\opengl\debug\opengl.exe
c:\users\이준수\source\repos\opengl\opengl\debug\opengl.ilk
c:\users\이준수\source\repos\opengl\debug\opengl.pdb
c:\users\이준수\source\repos\opengl\opengl\debug\소스1.obj
c:\users\이준수\source\repos\opengl\opengl\debug\소스2.obj
c:\users\이준수\source\repos\opengl\opengl\debug\소스3.obj
c:\users\이준수\source\repos\opengl\opengl\debug\소스4.obj
c:\users\이준수\source\repos\opengl\opengl\debug\소스5.obj
c:\users\이준수\source\repos\opengl\opengl\debug\연습.obj
c:\users\이준수\source\repos\opengl\opengl\debug\소스.obj.enc
c:\users\이준수\source\repos\opengl\opengl\debug\vc.nativecodeanalysis.all.xml
c:\users\이준수\source\repos\opengl\opengl\debug\소스.nativecodeanalysis.xml
c:\users\이준수\source\repos\opengl\opengl\debug\소스1.nativecodeanalysis.xml
c:\users\이준수\source\repos\opengl\opengl\debug\소스2.nativecodeanalysis.xml
c:\users\이준수\source\repos\opengl\opengl\debug\opengl.tlog\cl.command.1.tlog
c:\users\이준수\source\repos\opengl\opengl\debug\opengl.tlog\cl.items.tlog
c:\users\이준수\source\repos\opengl\opengl\debug\opengl.tlog\cl.read.1.tlog
c:\users\이준수\source\repos\opengl\opengl\debug\opengl.tlog\cl.write.1.tlog
c:\users\이준수\source\repos\opengl\opengl\debug\opengl.tlog\link.command.1.tlog
c:\users\이준수\source\repos\opengl\opengl\debug\opengl.tlog\link.read.1.tlog
c:\users\이준수\source\repos\opengl\opengl\debug\opengl.tlog\link.write.1.tlog
